<?xml version="1.0" encoding="UTF-8"?>
<!-- Generated by org.testng.reporters.JUnitReportReporter -->
<testsuite hostname="Samreen" failures="0" tests="1" name="ecom.Script1" time="9.600" errors="0" timestamp="2024-05-21T08:54:07 IST" skipped="0">
  <testcase classname="ecom.Script1" name="Script01" time="9.600"/>
  <system-out>
Books is clcked  </system-out>
</testsuite> <!-- ecom.Script1 -->
