<?xml version="1.0" encoding="UTF-8"?>
<!-- Generated by org.testng.reporters.JUnitReportReporter -->
<testsuite hostname="Samreen" failures="0" tests="1" name="extentReport.Script02" time="9.836" errors="0" timestamp="2024-05-25T09:05:35 IST" skipped="0">
  <testcase classname="extentReport.Script02" name="script2" time="9.836"/>
  <system-out/>
</testsuite> <!-- extentReport.Script02 -->
