<?xml version="1.0" encoding="UTF-8"?>
<!-- Generated by org.testng.reporters.JUnitReportReporter -->
<testsuite hostname="Samreen" failures="0" tests="1" name="ecom.Script2_Test" time="19.867" errors="0" timestamp="2024-05-22T08:08:31 IST" skipped="0">
  <testcase classname="ecom.Script2_Test" name="Script02" time="19.867"/>
  <system-out>
Books is clcked  </system-out>
</testsuite> <!-- ecom.Script2_Test -->
