<?xml version="1.0" encoding="UTF-8"?>
<!-- Generated by org.testng.reporters.JUnitReportReporter -->
<testsuite hostname="Samreen" failures="0" tests="1" name="extentReport.Script01" time="17.888" errors="0" timestamp="2024-05-25T08:31:42 IST" skipped="0">
  <testcase classname="extentReport.Script01" name="script1" time="17.888"/>
  <system-out/>
</testsuite> <!-- extentReport.Script01 -->
