<?xml version="1.0" encoding="UTF-8"?>
<!-- Generated by org.testng.reporters.JUnitReportReporter -->
<testsuite hostname="Samreen" failures="0" tests="1" name="beauty.LaunchNivea_Test" time="4.978" errors="0" timestamp="2024-05-24T07:53:15 IST" skipped="0">
  <testcase classname="beauty.LaunchNivea_Test" name="launch" time="4.978"/>
  <system-out>
nivea website  </system-out>
</testsuite> <!-- beauty.LaunchNivea_Test -->
