<?xml version="1.0" encoding="UTF-8"?>
<!-- Generated by org.testng.reporters.JUnitReportReporter -->
<testsuite hostname="Samreen" failures="0" tests="1" name="food.Burger_Test" time="2.622" errors="0" timestamp="2024-05-24T07:44:53 IST" skipped="0">
  <testcase classname="food.Burger_Test" name="launch" time="2.622"/>
  <system-out>
burger website  </system-out>
</testsuite> <!-- food.Burger_Test -->
