<?xml version="1.0" encoding="UTF-8"?>
<!-- Generated by org.testng.reporters.JUnitReportReporter -->
<testsuite hostname="Samreen" failures="0" tests="1" name="food.dominos_Test" time="2.587" errors="0" timestamp="2024-05-24T07:44:53 IST" skipped="0">
  <testcase classname="food.dominos_Test" name="launch" time="2.587"/>
  <system-out>
dominos website  </system-out>
</testsuite> <!-- food.dominos_Test -->
