<?xml version="1.0" encoding="UTF-8"?>
<!-- Generated by org.testng.reporters.JUnitReportReporter -->
<testsuite hostname="Samreen" failures="0" tests="1" name="beauty.LaunchDove_Test" time="6.938" errors="0" timestamp="2024-05-24T07:53:15 IST" skipped="0">
  <testcase classname="beauty.LaunchDove_Test" name="dove" time="6.938"/>
  <system-out>
dove website  </system-out>
</testsuite> <!-- beauty.LaunchDove_Test -->
