<?xml version="1.0" encoding="UTF-8"?>
<!-- Generated by org.testng.reporters.JUnitReportReporter -->
<testsuite hostname="Samreen" failures="0" tests="1" name="beauty.LaunchDove_Testusingcmd" time="8.443" errors="0" timestamp="2024-05-24T07:29:50 IST" skipped="0">
  <testcase classname="beauty.LaunchDove_Testusingcmd" name="dove" time="8.443"/>
  <system-out>
dove website  </system-out>
</testsuite> <!-- beauty.LaunchDove_Testusingcmd -->
