<?xml version="1.0" encoding="UTF-8"?>
<!-- Generated by org.testng.reporters.JUnitReportReporter -->
<testsuite hostname="Samreen" failures="0" tests="1" name="ecom.Script3_Test" time="19.148" errors="0" timestamp="2024-05-24T07:44:53 IST" skipped="0">
  <testcase classname="ecom.Script3_Test" name="Script03" time="19.148"/>
  <system-out/>
</testsuite> <!-- ecom.Script3_Test -->
