<?xml version="1.0" encoding="UTF-8"?>
<!-- Generated by org.testng.reporters.JUnitReportReporter -->
<testsuite hostname="Samreen" failures="0" tests="1" name="beauty.LaunchPantene_Test" time="4.845" errors="0" timestamp="2024-05-24T07:53:15 IST" skipped="0">
  <testcase classname="beauty.LaunchPantene_Test" name="launch" time="4.845"/>
  <system-out>
pantene website  </system-out>
</testsuite> <!-- beauty.LaunchPantene_Test -->
