<?xml version="1.0" encoding="UTF-8"?>
<!-- Generated by org.testng.reporters.JUnitReportReporter -->
<testsuite hostname="Samreen" failures="0" tests="1" name="food.pizzahut_Test" time="3.614" errors="0" timestamp="2024-05-24T07:44:53 IST" skipped="0">
  <testcase classname="food.pizzahut_Test" name="launch" time="3.614"/>
  <system-out>
pizza website  </system-out>
</testsuite> <!-- food.pizzahut_Test -->
