<?xml version="1.0" encoding="UTF-8"?>
<!-- Generated by org.testng.reporters.JUnitReportReporter -->
<testsuite hostname="Samreen" failures="0" tests="1" name="ecom.Script2_Test" time="20.763" errors="0" timestamp="2024-05-24T07:44:53 IST" skipped="0">
  <testcase classname="ecom.Script2_Test" name="Script02" time="20.763"/>
  <system-out>
Books is clcked  </system-out>
</testsuite> <!-- ecom.Script2_Test -->
